
Showing logs for build [32mcb-kubecd-bdd-ghfjxy-1568808964-q2tdx-1[0m stage [32mmeta-pipeline[0m and container [32mstep-credential-initializer-vwtsw[0m
{"level":"warn","ts":1568809263.043064,"logger":"fallback-logger","caller":"logging/config.go:69","msg":"Fetch GitHub commit ID from kodata failed: \"ref: refs/heads/master\" is not a valid GitHub commit ID"}
{"level":"info","ts":1568809263.0435047,"logger":"fallback-logger","caller":"creds-init/main.go:40","msg":"Credentials initialized."}

Showing logs for build [32mcb-kubecd-bdd-ghfjxy-1568808964-q2tdx-1[0m stage [32mmeta-pipeline[0m and container [32mstep-working-dir-initializer-xvqjg[0m
{"level":"warn","ts":1568809263.951947,"logger":"fallback-logger","caller":"logging/config.go:69","msg":"Fetch GitHub commit ID from kodata failed: open /var/run/ko/HEAD: no such file or directory"}
{"level":"info","ts":1568809263.9532783,"logger":"fallback-logger","caller":"bash/main.go:65","msg":"Successfully executed command \"mkdir -p /workspace/source\""}

Showing logs for build [32mcb-kubecd-bdd-ghfjxy-1568808964-q2tdx-1[0m stage [32mmeta-pipeline[0m and container [32mstep-place-tools[0m

Showing logs for build [32mcb-kubecd-bdd-ghfjxy-1568808964-q2tdx-1[0m stage [32mmeta-pipeline[0m and container [32mstep-git-source-meta-cb-kubecd-bdd-ghfjxy-15688-hv8kk[0m
{"level":"warn","ts":1568809270.053159,"logger":"fallback-logger","caller":"logging/config.go:69","msg":"Fetch GitHub commit ID from kodata failed: \"ref: refs/heads/master\" is not a valid GitHub commit ID"}
{"level":"info","ts":1568809271.1244454,"logger":"fallback-logger","caller":"git/git.go:102","msg":"Successfully cloned https://github.com/cb-kubecd/bdd-ghf**y-1568808964.git @ 65e31860a1a02847d56eccd8eff735f38c7033a4 in path /workspace/source"}

Showing logs for build [32mcb-kubecd-bdd-ghfjxy-1568808964-q2tdx-1[0m stage [32mmeta-pipeline[0m and container [32mstep-git-merge[0m
Using SHAs from PULL_REFS=master:65e31860a1a02847d56eccd8eff735f38c7033a4,1:1b665137533446101c3270815679720f040bf160
DEBUG: ran git fetch --unshallow origin 1b665137533446101c3270815679720f040bf160: 65e31860a1a02847d56eccd8eff735f38c7033a4: in 
DEBUG: ran git checkout master in 
DEBUG: ran git reset --hard 65e31860a1a02847d56eccd8eff735f38c7033a4 in 
DEBUG: ran clean --force -d . in 
DEBUG: ran git merge 1b665137533446101c3270815679720f040bf160 in 
Merged SHA 1b665137533446101c3270815679720f040bf160 with commit message 'My first PR commit' into base branch master

Showing logs for build [32mcb-kubecd-bdd-ghfjxy-1568808964-q2tdx-1[0m stage [32mmeta-pipeline[0m and container [32mstep-merge-pull-refs[0m
DEBUG: ran git fetch origin 1b665137533446101c3270815679720f040bf160: 65e31860a1a02847d56eccd8eff735f38c7033a4: in 
DEBUG: Unshallowed git repo in 
DEBUG: ran git checkout master in 
DEBUG: ran git reset --hard 65e31860a1a02847d56eccd8eff735f38c7033a4 in 
DEBUG: ran clean --force -d . in 
DEBUG: ran git merge 1b665137533446101c3270815679720f040bf160 in 
Merged SHA 1b665137533446101c3270815679720f040bf160 with commit message 'My first PR commit' into base branch master

Showing logs for build [32mcb-kubecd-bdd-ghfjxy-1568808964-q2tdx-1[0m stage [32mmeta-pipeline[0m and container [32mstep-create-effective-pipeline[0m
Deleting and cloning the Jenkins X versions repo
Cloning the Jenkins X versions repo https://github.com/jenkins-x/jenkins-x-versions.git with ref refs/heads/master to /builder/home/.**/jenkins-x-versions
performing pack detection in folder /workspace/source
--> Draft detected YAML (67.752116%)
--> Could not find a pack for YAML. Trying to find the next likely language match...
--> Draft detected RPM Spec (14.854397%)
--> Could not find a pack for RPM Spec. Trying to find the next likely language match...
--> Draft detected Coq (6.799598%)
--> Could not find a pack for Coq. Trying to find the next likely language match...
--> Draft detected Smarty (3.701047%)
--> Could not find a pack for Smarty. Trying to find the next likely language match...
--> Draft detected Go (2.904892%)
selected pack: /builder/home/.**/draft/packs/github.com/jenkins-x-buildpacks/jenkins-x-kubernetes/packs/go
Effective pipeline written to jenkins-x-serverless-jenkins-effective.yml

Showing logs for build [32mcb-kubecd-bdd-ghfjxy-1568808964-q2tdx-1[0m stage [32mmeta-pipeline[0m and container [32mstep-create-tekton-crds[0m
PipelineActivity for cb-kubecd-bdd-ghf**y-1568808964-PR-1-1
Applying changes 
upserted PipelineResource cb-kubecd-bdd-ghf**y-1568808964 for the git repository https://github.com/cb-kubecd/bdd-ghf**y-1568808964.git
upserted Task cb-kubecd-bdd-ghf**y-1568808964-q2tdx-run-make-1
upserted Task cb-kubecd-bdd-ghf**y-1568808964-q2tdx-everything-else-1
upserted Pipeline cb-kubecd-bdd-ghf**y-1568808964-q2tdx-1
created PipelineRun cb-kubecd-bdd-ghf**y-1568808964-q2tdx-1
created PipelineStructure cb-kubecd-bdd-ghf**y-1568808964-q2tdx-1

Showing logs for build [32mcb-kubecd-bdd-ghfjxy-1568808964-q2tdx-1[0m stage [32mrun-make[0m and container [32mstep-credential-initializer-lbh5v[0m
{"level":"warn","ts":1568809303.1504343,"logger":"fallback-logger","caller":"logging/config.go:69","msg":"Fetch GitHub commit ID from kodata failed: \"ref: refs/heads/master\" is not a valid GitHub commit ID"}
{"level":"info","ts":1568809303.1510663,"logger":"fallback-logger","caller":"creds-init/main.go:40","msg":"Credentials initialized."}

Showing logs for build [32mcb-kubecd-bdd-ghfjxy-1568808964-q2tdx-1[0m stage [32mrun-make[0m and container [32mstep-working-dir-initializer-nmxh7[0m
{"level":"warn","ts":1568809304.1923816,"logger":"fallback-logger","caller":"logging/config.go:69","msg":"Fetch GitHub commit ID from kodata failed: open /var/run/ko/HEAD: no such file or directory"}
{"level":"info","ts":1568809304.193895,"logger":"fallback-logger","caller":"bash/main.go:65","msg":"Successfully executed command \"mkdir -p /workspace/source\""}

Showing logs for build [32mcb-kubecd-bdd-ghfjxy-1568808964-q2tdx-1[0m stage [32mrun-make[0m and container [32mstep-place-tools[0m

Showing logs for build [32mcb-kubecd-bdd-ghfjxy-1568808964-q2tdx-1[0m stage [32mrun-make[0m and container [32mstep-git-source-cb-kubecd-bdd-ghfjxy-1568808964-ch5zw[0m
{"level":"warn","ts":1568809310.3597991,"logger":"fallback-logger","caller":"logging/config.go:69","msg":"Fetch GitHub commit ID from kodata failed: \"ref: refs/heads/master\" is not a valid GitHub commit ID"}
{"level":"info","ts":1568809311.4305682,"logger":"fallback-logger","caller":"git/git.go:102","msg":"Successfully cloned https://github.com/cb-kubecd/bdd-ghf**y-1568808964.git @ master in path /workspace/source"}

Showing logs for build [32mcb-kubecd-bdd-ghfjxy-1568808964-q2tdx-1[0m stage [32mrun-make[0m and container [32mstep-git-merge[0m
Using SHAs from PULL_REFS=master:65e31860a1a02847d56eccd8eff735f38c7033a4,1:1b665137533446101c3270815679720f040bf160
DEBUG: ran git fetch --unshallow origin 1b665137533446101c3270815679720f040bf160: 65e31860a1a02847d56eccd8eff735f38c7033a4: in 
DEBUG: ran git checkout master in 
DEBUG: ran git reset --hard 65e31860a1a02847d56eccd8eff735f38c7033a4 in 
DEBUG: ran clean --force -d . in 
DEBUG: ran git merge 1b665137533446101c3270815679720f040bf160 in 
Merged SHA 1b665137533446101c3270815679720f040bf160 with commit message 'My first PR commit' into base branch master

Showing logs for build [32mcb-kubecd-bdd-ghfjxy-1568808964-q2tdx-1[0m stage [32mrun-make[0m and container [32mstep-build-make-linux[0m
CGO_ENABLED=0 GOOS=linux GOARCH=amd64 GO15VENDOREXPERIMENT=1 go build -ldflags '' -o bin/bdd-ghf**y-1568808964 main.go

Showing logs for build [32mcb-kubecd-bdd-ghfjxy-1568808964-q2tdx-1[0m stage [32mrun-make[0m and container [32mstep-source-mkdir-cb-kubecd-bdd-ghfjxy-1568808964-2f5x2[0m
{"level":"warn","ts":1568809319.3588836,"logger":"fallback-logger","caller":"logging/config.go:69","msg":"Fetch GitHub commit ID from kodata failed: open /var/run/ko/HEAD: no such file or directory"}
{"level":"info","ts":1568809319.3878171,"logger":"fallback-logger","caller":"bash/main.go:65","msg":"Successfully executed command \"mkdir -p /pvc/run-make/workspace\""}

Showing logs for build [32mcb-kubecd-bdd-ghfjxy-1568808964-q2tdx-1[0m stage [32mrun-make[0m and container [32mstep-source-copy-cb-kubecd-bdd-ghfjxy-1568808964-pn2xs[0m
{"level":"warn","ts":1568809319.7297025,"logger":"fallback-logger","caller":"logging/config.go:69","msg":"Fetch GitHub commit ID from kodata failed: open /var/run/ko/HEAD: no such file or directory"}
{"level":"info","ts":1568809319.7452557,"logger":"fallback-logger","caller":"bash/main.go:65","msg":"Successfully executed command \"cp -r /workspace/source/. /pvc/run-make/workspace\""}

Showing logs for build [32mcb-kubecd-bdd-ghfjxy-1568808964-q2tdx-1[0m stage [32meverything-else[0m and container [32mstep-credential-initializer-pw5f7[0m
{"level":"warn","ts":1568809327.475066,"logger":"fallback-logger","caller":"logging/config.go:69","msg":"Fetch GitHub commit ID from kodata failed: \"ref: refs/heads/master\" is not a valid GitHub commit ID"}
{"level":"info","ts":1568809327.4754794,"logger":"fallback-logger","caller":"creds-init/main.go:40","msg":"Credentials initialized."}

Showing logs for build [32mcb-kubecd-bdd-ghfjxy-1568808964-q2tdx-1[0m stage [32meverything-else[0m and container [32mstep-working-dir-initializer-gq9xw[0m
{"level":"warn","ts":1568809328.4057415,"logger":"fallback-logger","caller":"logging/config.go:69","msg":"Fetch GitHub commit ID from kodata failed: open /var/run/ko/HEAD: no such file or directory"}
{"level":"info","ts":1568809328.407542,"logger":"fallback-logger","caller":"bash/main.go:65","msg":"Successfully executed command \"mkdir -p /workspace/source /workspace/source/charts/preview\""}

Showing logs for build [32mcb-kubecd-bdd-ghfjxy-1568808964-q2tdx-1[0m stage [32meverything-else[0m and container [32mstep-place-tools[0m

Showing logs for build [32mcb-kubecd-bdd-ghfjxy-1568808964-q2tdx-1[0m stage [32meverything-else[0m and container [32mstep-create-dir-workspace-994n7[0m
{"level":"warn","ts":1568809334.5457177,"logger":"fallback-logger","caller":"logging/config.go:69","msg":"Fetch GitHub commit ID from kodata failed: open /var/run/ko/HEAD: no such file or directory"}
{"level":"info","ts":1568809334.5508158,"logger":"fallback-logger","caller":"bash/main.go:65","msg":"Successfully executed command \"mkdir -p /workspace/source\""}

Showing logs for build [32mcb-kubecd-bdd-ghfjxy-1568808964-q2tdx-1[0m stage [32meverything-else[0m and container [32mstep-source-copy-workspace-zb22q[0m
{"level":"warn","ts":1568809334.828288,"logger":"fallback-logger","caller":"logging/config.go:69","msg":"Fetch GitHub commit ID from kodata failed: open /var/run/ko/HEAD: no such file or directory"}
{"level":"info","ts":1568809334.9610767,"logger":"fallback-logger","caller":"bash/main.go:65","msg":"Successfully executed command \"cp -r /pvc/run-make/workspace/. /workspace/source\""}

Showing logs for build [32mcb-kubecd-bdd-ghfjxy-1568808964-q2tdx-1[0m stage [32meverything-else[0m and container [32mstep-build-container-build[0m
[36mINFO[0m[0000] No base image, nothing to extract            
[36mINFO[0m[0000] cmd: EXPOSE                                  
[36mINFO[0m[0000] Adding exposed port: 8080/tcp                
[36mINFO[0m[0000] Using files from context: [/workspace/source/bin] 
[36mINFO[0m[0000] Skipping unpacking as no commands require it. 
[36mINFO[0m[0000] Taking snapshot of full filesystem...        
[36mINFO[0m[0000] EXPOSE 8080                                  
[36mINFO[0m[0000] cmd: EXPOSE                                  
[36mINFO[0m[0000] Adding exposed port: 8080/tcp                
[36mINFO[0m[0000] No files changed in this command, skipping snapshotting. 
[36mINFO[0m[0000] ENTRYPOINT ["/bdd-ghf**y-1568808964"]        
[36mINFO[0m[0000] No files changed in this command, skipping snapshotting. 
[36mINFO[0m[0000] Using files from context: [/workspace/source/bin] 
[36mINFO[0m[0000] COPY ./bin/ /                                
[36mINFO[0m[0000] Taking snapshot of files...                  
2019/09/18 12:22:19 pushed blob: sha256:b4356af5938a48c090dbee0259d60150ab1205156ed261218d04cb32828dc823
2019/09/18 12:22:19 pushed blob: sha256:7092e78a736c1b253a94305dac4c5eef06b98a3a47714f4727e4c45468692a1d
2019/09/18 12:22:21 gcr.io/jenkins-x-bdd3/bdd-ghf**y-1568808964:0.0.0-SNAPSHOT-PR-1-1: digest: sha256:84fe5a8f23fd79240d016737f9ef306f24a32f7f941cbf6a50a429369e242c17 size: 428

Showing logs for build [32mcb-kubecd-bdd-ghfjxy-1568808964-q2tdx-1[0m stage [32meverything-else[0m and container [32mstep-postbuild-post-build[0m
no CVE provider running in the current ** namespace so skip adding image to be analysed

Showing logs for build [32mcb-kubecd-bdd-ghfjxy-1568808964-q2tdx-1[0m stage [32meverything-else[0m and container [32mstep-promote-make-preview[0m
sed -i -e "s/version:.*/version: 0.0.0-SNAPSHOT-PR-1-1/" Chart.yaml
sed -i -e "s/version:.*/version: 0.0.0-SNAPSHOT-PR-1-1/" ../*/Chart.yaml
sed -i -e "s|repository:.*|repository: gcr.io\/jenkins-x-bdd3\/bdd-ghf**y-1568808964|" values.yaml
sed -i -e "s/tag:.*/tag: 0.0.0-SNAPSHOT-PR-1-1/" values.yaml
echo "  version: 0.0.0-SNAPSHOT-PR-1-1" >> requirements.yaml
** step helm build
WARNING: No $CHART_REPOSITORY defined so using the default value of: http://jenkins-x-chartmuseum:8080
Adding missing Helm repo: storage.googleapis.com https://storage.googleapis.com/chartmuseum.jenkins-x.io
Successfully added Helm repository storage.googleapis.com.
Adding missing Helm repo: jenkins-x-chartmuseum http://jenkins-x-chartmuseum:8080
Successfully added Helm repository jenkins-x-chartmuseum.
WARNING: No $CHART_REPOSITORY defined so using the default value of: http://jenkins-x-chartmuseum:8080
Adding missing Helm repo: chartmuseum.jenkins-x.io http://chartmuseum.jenkins-x.io
Successfully added Helm repository chartmuseum.jenkins-x.io.

Showing logs for build [32mcb-kubecd-bdd-ghfjxy-1568808964-q2tdx-1[0m stage [32meverything-else[0m and container [32mstep-promote-jx-preview[0m
Creating a preview
WARNING: No author for commit: 1b665137533446101c3270815679720f040bf160
Created environment cb-kubecd-bdd-ghf**y-1568808964-pr-1
Namespace **-cb-kubecd-bdd-ghf**y-1568808964-pr-1 created 
expose:
  Annotations:
    helm.sh/hook: post-install,post-upgrade
    helm.sh/hook-delete-policy: hook-succeeded
  config:
    domain: 35.205.185.196.nip.io
    exposer: Ingress
    http: "true"
preview:
  image:
    repository: gcr.io/jenkins-x-bdd3/bdd-ghf**y-1568808964
    tag: 0.0.0-SNAPSHOT-PR-1-1
Deleting and cloning the Jenkins X versions repo
Cloning the Jenkins X versions repo https://github.com/jenkins-x/jenkins-x-versions.git with ref refs/heads/master to /builder/home/.**/jenkins-x-versions


Updating PipelineActivities cb-kubecd-bdd-ghf**y-1568808964-pr-1-1 which has status Running
Preview application is now available at: http://bdd-ghf**y-1568808964.**-cb-kubecd-bdd-ghf**y-1568808964-pr-1.35.205.185.196.nip.io
